{
  "RSpec": {
    "coverage": {
      "/Users/anchietajunior/Documents/Projects/Personal/real_state_listings/app/models/city.rb": {
        "lines": [
          null,
          null,
          1,
          1,
          null,
          1,
          1,
          null,
          null
        ]
      },
      "/Users/anchietajunior/Documents/Projects/Personal/real_state_listings/app/models/application_record.rb": {
        "lines": [
          1,
          1,
          null
        ]
      },
      "/Users/anchietajunior/Documents/Projects/Personal/real_state_listings/app/models/real_state.rb": {
        "lines": [
          null,
          1,
          1,
          null,
          1,
          1,
          null,
          1,
          null,
          null,
          null,
          null,
          1,
          null,
          null,
          null,
          1,
          null,
          1,
          14,
          null,
          null
        ]
      },
      "/Users/anchietajunior/Documents/Projects/Personal/real_state_listings/app/services/real_states/organizers/import_from_csv.rb": {
        "lines": [
          null,
          null,
          1,
          1,
          1,
          1,
          null,
          1,
          5,
          null,
          null,
          4,
          null,
          null,
          1,
          null,
          null,
          null,
          null
        ]
      },
      "/Users/anchietajunior/Documents/Projects/Personal/real_state_listings/app/services/real_states/interactors/fetch_data.rb": {
        "lines": [
          null,
          null,
          1,
          1,
          1,
          1,
          null,
          1,
          null,
          1,
          3,
          null,
          0,
          null,
          null,
          1,
          null,
          1,
          3,
          null,
          null,
          null,
          null
        ]
      },
      "/Users/anchietajunior/Documents/Projects/Personal/real_state_listings/app/services/real_states/interactors/create_or_update.rb": {
        "lines": [
          null,
          1,
          1,
          1,
          1,
          null,
          1,
          null,
          1,
          null,
          1,
          3,
          null,
          2,
          8,
          null,
          3,
          null,
          null,
          null,
          1,
          null,
          1,
          8,
          null,
          null,
          null,
          null,
          1,
          3,
          3,
          null,
          null,
          1,
          3,
          3,
          3,
          3,
          3,
          3,
          3,
          3,
          3,
          3,
          3,
          3,
          3,
          3,
          3,
          3,
          3,
          null,
          null,
          null,
          1,
          3,
          null,
          null,
          1,
          3,
          null,
          null,
          1,
          3,
          null,
          null,
          null,
          null
        ]
      },
      "/Users/anchietajunior/Documents/Projects/Personal/real_state_listings/lib/tasks/import_data.rake": {
        "lines": [
          null,
          null,
          1,
          1,
          1,
          1,
          1,
          1,
          null
        ]
      }
    },
    "timestamp": 1665419830
  }
}
